  TravailPractive1_C++.cpp
D:\Estudios Programacion POO\BLOC3\Concepts de structuration des données informatiques C++\TravailPractive1_C++\TravailPractive1_C++.cpp(39,58): warning C4311: 'type cast': pointer truncation from 'int **' to 'unsigned int'
D:\Estudios Programacion POO\BLOC3\Concepts de structuration des données informatiques C++\TravailPractive1_C++\TravailPractive1_C++.cpp(39,58): warning C4302: 'type cast': truncation from 'int **' to 'unsigned int'
D:\Estudios Programacion POO\BLOC3\Concepts de structuration des données informatiques C++\TravailPractive1_C++\TravailPractive1_C++.cpp(40,50): warning C4311: 'type cast': pointer truncation from 'int *' to 'unsigned int'
D:\Estudios Programacion POO\BLOC3\Concepts de structuration des données informatiques C++\TravailPractive1_C++\TravailPractive1_C++.cpp(40,50): warning C4302: 'type cast': truncation from 'int *' to 'unsigned int'
D:\Estudios Programacion POO\BLOC3\Concepts de structuration des données informatiques C++\TravailPractive1_C++\TravailPractive1_C++.cpp(47,60): warning C4311: 'type cast': pointer truncation from 'int **' to 'unsigned int'
D:\Estudios Programacion POO\BLOC3\Concepts de structuration des données informatiques C++\TravailPractive1_C++\TravailPractive1_C++.cpp(47,60): warning C4302: 'type cast': truncation from 'int **' to 'unsigned int'
D:\Estudios Programacion POO\BLOC3\Concepts de structuration des données informatiques C++\TravailPractive1_C++\TravailPractive1_C++.cpp(50,66): warning C4311: 'type cast': pointer truncation from 'int *' to 'unsigned int'
D:\Estudios Programacion POO\BLOC3\Concepts de structuration des données informatiques C++\TravailPractive1_C++\TravailPractive1_C++.cpp(50,66): warning C4302: 'type cast': truncation from 'int *' to 'unsigned int'
D:\Estudios Programacion POO\BLOC3\Concepts de structuration des données informatiques C++\TravailPractive1_C++\TravailPractive1_C++.cpp(51,52): warning C4311: 'type cast': pointer truncation from 'int **' to 'unsigned int'
D:\Estudios Programacion POO\BLOC3\Concepts de structuration des données informatiques C++\TravailPractive1_C++\TravailPractive1_C++.cpp(51,52): warning C4302: 'type cast': truncation from 'int **' to 'unsigned int'
D:\Estudios Programacion POO\BLOC3\Concepts de structuration des données informatiques C++\TravailPractive1_C++\TravailPractive1_C++.cpp(52,52): warning C4311: 'type cast': pointer truncation from 'int **' to 'unsigned int'
D:\Estudios Programacion POO\BLOC3\Concepts de structuration des données informatiques C++\TravailPractive1_C++\TravailPractive1_C++.cpp(52,52): warning C4302: 'type cast': truncation from 'int **' to 'unsigned int'
D:\Estudios Programacion POO\BLOC3\Concepts de structuration des données informatiques C++\TravailPractive1_C++\TravailPractive1_C++.cpp(61,68): warning C4311: 'type cast': pointer truncation from 'int **' to 'unsigned int'
D:\Estudios Programacion POO\BLOC3\Concepts de structuration des données informatiques C++\TravailPractive1_C++\TravailPractive1_C++.cpp(61,68): warning C4302: 'type cast': truncation from 'int **' to 'unsigned int'
D:\Estudios Programacion POO\BLOC3\Concepts de structuration des données informatiques C++\TravailPractive1_C++\TravailPractive1_C++.cpp(62,60): warning C4311: 'type cast': pointer truncation from 'int **' to 'unsigned int'
D:\Estudios Programacion POO\BLOC3\Concepts de structuration des données informatiques C++\TravailPractive1_C++\TravailPractive1_C++.cpp(62,60): warning C4302: 'type cast': truncation from 'int **' to 'unsigned int'
D:\Estudios Programacion POO\BLOC3\Concepts de structuration des données informatiques C++\TravailPractive1_C++\TravailPractive1_C++.cpp(63,60): warning C4311: 'type cast': pointer truncation from 'int *' to 'unsigned int'
D:\Estudios Programacion POO\BLOC3\Concepts de structuration des données informatiques C++\TravailPractive1_C++\TravailPractive1_C++.cpp(63,60): warning C4302: 'type cast': truncation from 'int *' to 'unsigned int'
D:\Estudios Programacion POO\BLOC3\Concepts de structuration des données informatiques C++\TravailPractive1_C++\TravailPractive1_C++.cpp(89,57): warning C4311: 'type cast': pointer truncation from 'int **' to 'unsigned int'
D:\Estudios Programacion POO\BLOC3\Concepts de structuration des données informatiques C++\TravailPractive1_C++\TravailPractive1_C++.cpp(89,57): warning C4302: 'type cast': truncation from 'int **' to 'unsigned int'
D:\Estudios Programacion POO\BLOC3\Concepts de structuration des données informatiques C++\TravailPractive1_C++\TravailPractive1_C++.cpp(97,59): warning C4311: 'type cast': pointer truncation from 'int **' to 'unsigned int'
D:\Estudios Programacion POO\BLOC3\Concepts de structuration des données informatiques C++\TravailPractive1_C++\TravailPractive1_C++.cpp(97,59): warning C4302: 'type cast': truncation from 'int **' to 'unsigned int'
D:\Estudios Programacion POO\BLOC3\Concepts de structuration des données informatiques C++\TravailPractive1_C++\TravailPractive1_C++.cpp(148,98): warning C4311: 'type cast': pointer truncation from 'int **' to 'unsigned int'
D:\Estudios Programacion POO\BLOC3\Concepts de structuration des données informatiques C++\TravailPractive1_C++\TravailPractive1_C++.cpp(148,98): warning C4302: 'type cast': truncation from 'int **' to 'unsigned int'
D:\Estudios Programacion POO\BLOC3\Concepts de structuration des données informatiques C++\TravailPractive1_C++\TravailPractive1_C++.cpp(150,106): warning C4311: 'type cast': pointer truncation from 'int **' to 'unsigned int'
D:\Estudios Programacion POO\BLOC3\Concepts de structuration des données informatiques C++\TravailPractive1_C++\TravailPractive1_C++.cpp(150,106): warning C4302: 'type cast': truncation from 'int **' to 'unsigned int'
D:\Estudios Programacion POO\BLOC3\Concepts de structuration des données informatiques C++\TravailPractive1_C++\TravailPractive1_C++.cpp(299,19): warning C4305: '=': truncation from 'double' to 'float'
D:\Estudios Programacion POO\BLOC3\Concepts de structuration des données informatiques C++\TravailPractive1_C++\TravailPractive1_C++.cpp(301,19): warning C4305: '=': truncation from 'double' to 'float'
D:\Estudios Programacion POO\BLOC3\Concepts de structuration des données informatiques C++\TravailPractive1_C++\TravailPractive1_C++.cpp(317,23): warning C4305: '=': truncation from 'double' to 'float'
  TravailPractive1_C++.vcxproj -> D:\Estudios Programacion POO\BLOC3\Concepts de structuration des données informatiques C++\Curso1\x64\Debug\TravailPractive1_C++.exe
